0 info it worked if it ends with ok
1 verbose cli [ '/usr/bin/node',
1 verbose cli   '/usr/bin/npm',
1 verbose cli   'install',
1 verbose cli   '-g',
1 verbose cli   'node-inspector' ]
2 info using npm@1.4.28
3 info using node@v0.10.32
4 verbose node symlink /usr/bin/node
5 verbose cache add [ 'node-inspector', null ]
6 verbose cache add name=undefined spec="node-inspector" args=["node-inspector",null]
7 verbose parsed url { protocol: null,
7 verbose parsed url   slashes: null,
7 verbose parsed url   auth: null,
7 verbose parsed url   host: null,
7 verbose parsed url   port: null,
7 verbose parsed url   hostname: null,
7 verbose parsed url   hash: null,
7 verbose parsed url   search: null,
7 verbose parsed url   query: null,
7 verbose parsed url   pathname: 'node-inspector',
7 verbose parsed url   path: 'node-inspector',
7 verbose parsed url   href: 'node-inspector' }
8 silly lockFile 4198ef9e-node-inspector node-inspector
9 verbose lock node-inspector /home/mauro/.npm/4198ef9e-node-inspector.lock
10 silly lockFile 4198ef9e-node-inspector node-inspector
11 silly lockFile 4198ef9e-node-inspector node-inspector
12 verbose addNamed [ 'node-inspector', '' ]
13 verbose addNamed [ null, '*' ]
14 silly lockFile e68b88da-node-inspector node-inspector@
15 verbose lock node-inspector@ /home/mauro/.npm/e68b88da-node-inspector.lock
16 silly addNameRange { name: 'node-inspector', range: '*', hasData: false }
17 verbose request where is /node-inspector
18 verbose request registry https://registry.npmjs.org/
19 verbose request id 91feb5afc5b83c88
20 verbose url raw /node-inspector
21 verbose url resolving [ 'https://registry.npmjs.org/', './node-inspector' ]
22 verbose url resolved https://registry.npmjs.org/node-inspector
23 verbose request where is https://registry.npmjs.org/node-inspector
24 info trying registry request attempt 1 at 12:20:10
25 verbose etag "8HFS725AWZI3CDT7AJJC2P2DY"
26 http GET https://registry.npmjs.org/node-inspector
27 http 304 https://registry.npmjs.org/node-inspector
28 silly registry.get cb [ 304,
28 silly registry.get   { date: 'Sat, 18 Oct 2014 15:20:11 GMT',
28 silly registry.get     server: 'Apache',
28 silly registry.get     via: '1.1 varnish',
28 silly registry.get     'last-modified': 'Sat, 18 Oct 2014 15:20:11 GMT',
28 silly registry.get     'cache-control': 'max-age=60',
28 silly registry.get     etag: '"8HFS725AWZI3CDT7AJJC2P2DY"',
28 silly registry.get     age: '0',
28 silly registry.get     'x-served-by': 'cache-iad2132-IAD',
28 silly registry.get     'x-cache': 'HIT',
28 silly registry.get     'x-cache-hits': '1',
28 silly registry.get     'x-timer': 'S1413645611.877123,VS0,VE55',
28 silly registry.get     vary: 'Accept',
28 silly registry.get     'content-length': '0',
28 silly registry.get     'keep-alive': 'timeout=10, max=50',
28 silly registry.get     connection: 'Keep-Alive' } ]
29 verbose etag https://registry.npmjs.org/node-inspector from cache
30 silly addNameRange number 2 { name: 'node-inspector', range: '*', hasData: true }
31 silly addNameRange versions [ 'node-inspector',
31 silly addNameRange   [ '0.0.1',
31 silly addNameRange     '0.0.2',
31 silly addNameRange     '0.0.3',
31 silly addNameRange     '0.0.4',
31 silly addNameRange     '0.1.0',
31 silly addNameRange     '0.1.1',
31 silly addNameRange     '0.1.2',
31 silly addNameRange     '0.1.3',
31 silly addNameRange     '0.1.4',
31 silly addNameRange     '0.1.5',
31 silly addNameRange     '0.1.6',
31 silly addNameRange     '0.1.7',
31 silly addNameRange     '0.1.8',
31 silly addNameRange     '0.1.9',
31 silly addNameRange     '0.1.10',
31 silly addNameRange     '0.3.0',
31 silly addNameRange     '0.3.1',
31 silly addNameRange     '0.3.2',
31 silly addNameRange     '0.3.3',
31 silly addNameRange     '0.3.4',
31 silly addNameRange     '0.4.0',
31 silly addNameRange     '0.5.0',
31 silly addNameRange     '0.6.0',
31 silly addNameRange     '0.6.1',
31 silly addNameRange     '0.6.2',
31 silly addNameRange     '0.7.0-1',
31 silly addNameRange     '0.2.0-beta1',
31 silly addNameRange     '0.2.0-beta2',
31 silly addNameRange     '0.2.0-beta3',
31 silly addNameRange     '0.2.0-beta4',
31 silly addNameRange     '0.3.0-preview1',
31 silly addNameRange     '0.7.0-2',
31 silly addNameRange     '0.7.0',
31 silly addNameRange     '0.7.1',
31 silly addNameRange     '0.7.2',
31 silly addNameRange     '0.7.3',
31 silly addNameRange     '0.7.4' ] ]
32 verbose addNamed [ 'node-inspector', '0.7.4' ]
33 verbose addNamed [ '0.7.4', '0.7.4' ]
34 silly lockFile aae362fc-node-inspector-0-7-4 node-inspector@0.7.4
35 verbose lock node-inspector@0.7.4 /home/mauro/.npm/aae362fc-node-inspector-0-7-4.lock
36 silly lockFile aae362fc-node-inspector-0-7-4 node-inspector@0.7.4
37 silly lockFile aae362fc-node-inspector-0-7-4 node-inspector@0.7.4
38 silly lockFile e68b88da-node-inspector node-inspector@
39 silly lockFile e68b88da-node-inspector node-inspector@
40 silly resolved [ { name: 'node-inspector',
40 silly resolved     version: '0.7.4',
40 silly resolved     description: 'Web Inspector based nodeJS debugger',
40 silly resolved     homepage: 'http://github.com/node-inspector/node-inspector',
40 silly resolved     author: { name: 'Danny Coates', email: 'dannycoates@gmail.com' },
40 silly resolved     keywords: [ 'debug', 'debugger', 'inspector', 'profiler' ],
40 silly resolved     repository:
40 silly resolved      { type: 'git',
40 silly resolved        url: 'http://github.com/node-inspector/node-inspector.git' },
40 silly resolved     engines: { node: '>=0.8.0' },
40 silly resolved     bin:
40 silly resolved      { 'node-inspector': './bin/inspector.js',
40 silly resolved        'node-debug': './bin/node-debug.js' },
40 silly resolved     dependencies:
40 silly resolved      { express: '~4.0',
40 silly resolved        async: '~0.8',
40 silly resolved        glob: '~3.2.1',
40 silly resolved        rc: '~0.3.0',
40 silly resolved        'strong-data-uri': '~0.1.0',
40 silly resolved        debug: '~0.8',
40 silly resolved        ws: '~0.4.31',
40 silly resolved        opener: '~1.3.0',
40 silly resolved        yargs: '~1.2.1',
40 silly resolved        which: '~1.0.5' },
40 silly resolved     devDependencies:
40 silly resolved      { mocha: 'latest',
40 silly resolved        chai: 'latest',
40 silly resolved        jshint: '^2.4.4',
40 silly resolved        'fs-extra': '~0.8.1' },
40 silly resolved     preferGlobal: true,
40 silly resolved     scripts: { pretest: 'jshint .', test: 'mocha' },
40 silly resolved     contributors:
40 silly resolved      [ [Object],
40 silly resolved        [Object],
40 silly resolved        [Object],
40 silly resolved        [Object],
40 silly resolved        [Object],
40 silly resolved        [Object],
40 silly resolved        [Object],
40 silly resolved        [Object],
40 silly resolved        [Object],
40 silly resolved        [Object],
40 silly resolved        [Object],
40 silly resolved        [Object],
40 silly resolved        [Object],
40 silly resolved        [Object],
40 silly resolved        [Object],
40 silly resolved        [Object],
40 silly resolved        [Object],
40 silly resolved        [Object],
40 silly resolved        [Object],
40 silly resolved        [Object],
40 silly resolved        [Object],
40 silly resolved        [Object],
40 silly resolved        [Object],
40 silly resolved        [Object],
40 silly resolved        [Object],
40 silly resolved        [Object],
40 silly resolved        [Object],
40 silly resolved        [Object],
40 silly resolved        [Object],
40 silly resolved        [Object],
40 silly resolved        [Object] ],
40 silly resolved     bugs: { url: 'https://github.com/node-inspector/node-inspector/issues' },
40 silly resolved     _id: 'node-inspector@0.7.4',
40 silly resolved     dist:
40 silly resolved      { shasum: '3d07234f0834e7f1e21a1669eceaa224a7be43f2',
40 silly resolved        tarball: 'http://registry.npmjs.org/node-inspector/-/node-inspector-0.7.4.tgz' },
40 silly resolved     _from: 'node-inspector@',
40 silly resolved     _npmVersion: '1.4.3',
40 silly resolved     _npmUser: { name: 'bajtos', email: 'miro.bajtos@gmail.com' },
40 silly resolved     maintainers: [ [Object], [Object], [Object], [Object] ],
40 silly resolved     directories: {},
40 silly resolved     _shasum: '3d07234f0834e7f1e21a1669eceaa224a7be43f2',
40 silly resolved     _resolved: 'https://registry.npmjs.org/node-inspector/-/node-inspector-0.7.4.tgz',
40 silly resolved     readme: 'ERROR: No README data found!' } ]
41 info install node-inspector@0.7.4 into /usr/lib
42 info installOne node-inspector@0.7.4
43 verbose lib/node_modules/node-inspector unbuild
44 verbose tar unpack /home/mauro/.npm/node-inspector/0.7.4/package.tgz
45 silly lockFile 41e58605--lib-node-modules-node-inspector tar:///usr/lib/node_modules/node-inspector
46 verbose lock tar:///usr/lib/node_modules/node-inspector /home/mauro/.npm/41e58605--lib-node-modules-node-inspector.lock
47 silly lockFile 06a2ae87-node-inspector-0-7-4-package-tgz tar:///home/mauro/.npm/node-inspector/0.7.4/package.tgz
48 verbose lock tar:///home/mauro/.npm/node-inspector/0.7.4/package.tgz /home/mauro/.npm/06a2ae87-node-inspector-0-7-4-package-tgz.lock
49 silly gunzTarPerm modes [ '775', '664' ]
50 error Error: EACCES, mkdir '/usr/lib/node_modules/node-inspector'
50 error  { [Error: EACCES, mkdir '/usr/lib/node_modules/node-inspector']
50 error   errno: 3,
50 error   code: 'EACCES',
50 error   path: '/usr/lib/node_modules/node-inspector',
50 error   fstream_type: 'Directory',
50 error   fstream_path: '/usr/lib/node_modules/node-inspector',
50 error   fstream_class: 'DirWriter',
50 error   fstream_stack:
50 error    [ '/usr/lib/node_modules/npm/node_modules/fstream/lib/dir-writer.js:36:23',
50 error      '/usr/lib/node_modules/npm/node_modules/mkdirp/index.js:46:53',
50 error      'Object.oncomplete (fs.js:107:15)' ] }
51 error Please try running this command again as root/Administrator.
52 error System Linux 3.13.0-37-generic
53 error command "/usr/bin/node" "/usr/bin/npm" "install" "-g" "node-inspector"
54 error cwd /home/mauro/myprojects/element-box/server
55 error node -v v0.10.32
56 error npm -v 1.4.28
57 error path /usr/lib/node_modules/node-inspector
58 error fstream_path /usr/lib/node_modules/node-inspector
59 error fstream_type Directory
60 error fstream_class DirWriter
61 error code EACCES
62 error errno 3
63 error stack Error: EACCES, mkdir '/usr/lib/node_modules/node-inspector'
64 error fstream_stack /usr/lib/node_modules/npm/node_modules/fstream/lib/dir-writer.js:36:23
64 error fstream_stack /usr/lib/node_modules/npm/node_modules/mkdirp/index.js:46:53
64 error fstream_stack Object.oncomplete (fs.js:107:15)
65 verbose exit [ 3, true ]
